0 info it worked if it ends with ok
1 verbose cli [ '/usr/bin/node', '/usr/bin/npm', 'run', 'flask-server' ]
2 info using npm@3.10.10
3 info using node@v6.11.4
4 verbose run-script [ 'preflask-server', 'flask-server', 'postflask-server' ]
5 info lifecycle goldeneye@1.0.0~preflask-server: goldeneye@1.0.0
6 silly lifecycle goldeneye@1.0.0~preflask-server: no script for preflask-server, continuing
7 info lifecycle goldeneye@1.0.0~flask-server: goldeneye@1.0.0
8 verbose lifecycle goldeneye@1.0.0~flask-server: unsafe-perm in lifecycle true
9 verbose lifecycle goldeneye@1.0.0~flask-server: PATH: /usr/lib/node_modules/npm/bin/node-gyp-bin:/home/tom/Workspace/GoldenEye/goldeneye/node_modules/.bin:/usr/lib/node_modules/npm/bin/node-gyp-bin:/home/tom/Workspace/GoldenEye/goldeneye/node_modules/.bin:/home/tom/anaconda3/envs/FlaskEnv/bin:/home/tom/anaconda3/bin:/home/tom/bin:/home/tom/.local/bin:/usr/local/sbin:/usr/local/bin:/usr/sbin:/usr/bin:/sbin:/bin:/usr/games:/usr/local/games
10 verbose lifecycle goldeneye@1.0.0~flask-server: CWD: /home/tom/Workspace/GoldenEye/goldeneye
11 silly lifecycle goldeneye@1.0.0~flask-server: Args: [ '-c', 'FLASK_APP=$PWD/autoapp.py FLASK_DEBUG=1 flask run' ]
12 silly lifecycle goldeneye@1.0.0~flask-server: Returned: code: 1  signal: null
13 info lifecycle goldeneye@1.0.0~flask-server: Failed to exec flask-server script
14 verbose stack Error: goldeneye@1.0.0 flask-server: `FLASK_APP=$PWD/autoapp.py FLASK_DEBUG=1 flask run`
14 verbose stack Exit status 1
14 verbose stack     at EventEmitter.<anonymous> (/usr/lib/node_modules/npm/lib/utils/lifecycle.js:255:16)
14 verbose stack     at emitTwo (events.js:106:13)
14 verbose stack     at EventEmitter.emit (events.js:191:7)
14 verbose stack     at ChildProcess.<anonymous> (/usr/lib/node_modules/npm/lib/utils/spawn.js:40:14)
14 verbose stack     at emitTwo (events.js:106:13)
14 verbose stack     at ChildProcess.emit (events.js:191:7)
14 verbose stack     at maybeClose (internal/child_process.js:920:16)
14 verbose stack     at Process.ChildProcess._handle.onexit (internal/child_process.js:230:5)
15 verbose pkgid goldeneye@1.0.0
16 verbose cwd /home/tom/Workspace/GoldenEye/goldeneye
17 error Linux 4.10.0-32-generic
18 error argv "/usr/bin/node" "/usr/bin/npm" "run" "flask-server"
19 error node v6.11.4
20 error npm  v3.10.10
21 error code ELIFECYCLE
22 error goldeneye@1.0.0 flask-server: `FLASK_APP=$PWD/autoapp.py FLASK_DEBUG=1 flask run`
22 error Exit status 1
23 error Failed at the goldeneye@1.0.0 flask-server script 'FLASK_APP=$PWD/autoapp.py FLASK_DEBUG=1 flask run'.
23 error Make sure you have the latest version of node.js and npm installed.
23 error If you do, this is most likely a problem with the goldeneye package,
23 error not with npm itself.
23 error Tell the author that this fails on your system:
23 error     FLASK_APP=$PWD/autoapp.py FLASK_DEBUG=1 flask run
23 error You can get information on how to open an issue for this project with:
23 error     npm bugs goldeneye
23 error Or if that isn't available, you can get their info via:
23 error     npm owner ls goldeneye
23 error There is likely additional logging output above.
24 verbose exit [ 1, true ]
